2021-12-19 04:48:34,431 INFO com.example.demo.SareetaApplication [main] Starting SareetaApplication on limes-macbook-pro.home with PID 26692 (/Users/lime/IdeaProjects/Udacity/Security-and-DevOps-master/starter_code/target/classes started by lime in /Users/lime/IdeaProjects/Udacity/Security-and-DevOps-master/starter_code)
2021-12-19 04:48:34,434 DEBUG com.example.demo.SareetaApplication [main] Running with Spring Boot v2.1.5.RELEASE, Spring v5.1.7.RELEASE
2021-12-19 04:48:34,436 INFO com.example.demo.SareetaApplication [main] No active profile set, falling back to default profiles: default
2021-12-19 04:48:35,262 INFO org.springframework.data.repository.config.RepositoryConfigurationDelegate [main] Bootstrapping Spring Data repositories in DEFAULT mode.
2021-12-19 04:48:35,345 INFO org.springframework.data.repository.config.RepositoryConfigurationDelegate [main] Finished Spring Data repository scanning in 78ms. Found 4 repository interfaces.
2021-12-19 04:48:35,943 INFO org.springframework.context.support.PostProcessorRegistrationDelegate$BeanPostProcessorChecker [main] Bean 'org.springframework.transaction.annotation.ProxyTransactionManagementConfiguration' of type [org.springframework.transaction.annotation.ProxyTransactionManagementConfiguration$$EnhancerBySpringCGLIB$$ee1d64aa] is not eligible for getting processed by all BeanPostProcessors (for example: not eligible for auto-proxying)
2021-12-19 04:48:36,185 INFO org.springframework.boot.web.embedded.tomcat.TomcatWebServer [main] Tomcat initialized with port(s): 8080 (http)
2021-12-19 04:48:36,213 INFO org.apache.catalina.core.StandardService [main] Starting service [Tomcat]
2021-12-19 04:48:36,213 INFO org.apache.catalina.core.StandardEngine [main] Starting Servlet engine: [Apache Tomcat/9.0.19]
2021-12-19 04:48:36,293 INFO org.apache.catalina.core.ContainerBase.[Tomcat].[localhost].[/] [main] Initializing Spring embedded WebApplicationContext
2021-12-19 04:48:36,294 INFO org.springframework.web.context.ContextLoader [main] Root WebApplicationContext: initialization completed in 1718 ms
2021-12-19 04:48:36,478 INFO com.zaxxer.hikari.HikariDataSource [main] HikariPool-1 - Starting...
2021-12-19 04:48:36,531 INFO com.zaxxer.hikari.HikariDataSource [main] HikariPool-1 - Start completed.
2021-12-19 04:48:36,558 INFO org.hibernate.jpa.internal.util.LogHelper [main] HHH000204: Processing PersistenceUnitInfo [
	name: default
	...]
2021-12-19 04:48:36,582 INFO org.hibernate.Version [main] HHH000412: Hibernate Core {5.3.10.Final}
2021-12-19 04:48:36,583 INFO org.hibernate.cfg.Environment [main] HHH000206: hibernate.properties not found
2021-12-19 04:48:36,639 INFO org.hibernate.annotations.common.Version [main] HCANN000001: Hibernate Commons Annotations {5.0.4.Final}
2021-12-19 04:48:36,710 INFO org.hibernate.dialect.Dialect [main] HHH000400: Using dialect: org.hibernate.dialect.H2Dialect
2021-12-19 04:48:37,287 INFO org.springframework.orm.jpa.LocalContainerEntityManagerFactoryBean [main] Initialized JPA EntityManagerFactory for persistence unit 'default'
2021-12-19 04:48:37,606 DEBUG com.example.demo.security.JWTAuthenticationVerficationFilter [main] Filter 'JWTAuthenticationVerficationFilter' configured for use
2021-12-19 04:48:37,869 WARN org.springframework.boot.autoconfigure.orm.jpa.JpaBaseConfiguration$JpaWebConfiguration$JpaWebMvcConfiguration [main] spring.jpa.open-in-view is enabled by default. Therefore, database queries may be performed during view rendering. Explicitly configure spring.jpa.open-in-view to disable this warning
2021-12-19 04:48:37,943 INFO org.springframework.security.web.DefaultSecurityFilterChain [main] Creating filter chain: any request, [org.springframework.security.web.context.request.async.WebAsyncManagerIntegrationFilter@2d0778d0, org.springframework.security.web.context.SecurityContextPersistenceFilter@24cbf894, org.springframework.security.web.header.HeaderWriterFilter@2ee095c9, org.springframework.web.filter.CorsFilter@33e8694b, org.springframework.security.web.authentication.logout.LogoutFilter@6f785a27, com.example.demo.security.JWTAuthenticationFilter@4fc71437, com.example.demo.security.JWTAuthenticationVerficationFilter@75c15f76, org.springframework.security.web.savedrequest.RequestCacheAwareFilter@434d001d, org.springframework.security.web.servletapi.SecurityContextHolderAwareRequestFilter@62de20d3, org.springframework.security.web.authentication.AnonymousAuthenticationFilter@631678e6, org.springframework.security.web.session.SessionManagementFilter@77fb1002, org.springframework.security.web.access.ExceptionTranslationFilter@4ea43d4d, org.springframework.security.web.access.intercept.FilterSecurityInterceptor@5c60f096]
2021-12-19 04:48:38,048 INFO org.springframework.scheduling.concurrent.ThreadPoolTaskExecutor [main] Initializing ExecutorService 'applicationTaskExecutor'
2021-12-19 04:48:38,167 INFO org.springframework.boot.web.embedded.tomcat.TomcatWebServer [main] Tomcat started on port(s): 8080 (http) with context path ''
2021-12-19 04:48:38,170 INFO com.example.demo.SareetaApplication [main] Started SareetaApplication in 4.079 seconds (JVM running for 4.853)
2021-12-19 04:48:44,135 INFO org.apache.catalina.core.ContainerBase.[Tomcat].[localhost].[/] [http-nio-8080-exec-2] Initializing Spring DispatcherServlet 'dispatcherServlet'
2021-12-19 04:48:44,136 INFO org.springframework.web.servlet.DispatcherServlet [http-nio-8080-exec-2] Initializing Servlet 'dispatcherServlet'
2021-12-19 04:48:44,145 INFO org.springframework.web.servlet.DispatcherServlet [http-nio-8080-exec-2] Completed initialization in 9 ms
2021-12-19 04:48:44,205 INFO com.example.demo.controllers.UserController [http-nio-8080-exec-2] Creating user lily
2021-12-19 04:48:48,460 DEBUG com.example.demo.security.JWTAuthenticationFilter [http-nio-8080-exec-3] Request is to process authentication
2021-12-19 04:48:48,580 INFO org.hibernate.hql.internal.QueryTranslatorFactoryInitiator [http-nio-8080-exec-3] HHH000397: Using ASTQueryTranslatorFactory
2021-12-19 04:49:32,642 INFO com.example.demo.controllers.CartController [http-nio-8080-exec-5] Cart add success: com.example.demo.model.persistence.Cart@57219f0
2021-12-19 04:52:07,111 INFO com.example.demo.controllers.UserController [http-nio-8080-exec-3] Creating user newUser000
2021-12-19 04:52:12,993 INFO com.example.demo.controllers.UserController [http-nio-8080-exec-4] Creating user newUser111
2021-12-19 04:54:55,280 DEBUG com.example.demo.controllers.CartController [http-nio-8080-exec-7] Add to cart failed, item 3 not found
2021-12-19 04:55:20,714 INFO com.example.demo.controllers.CartController [http-nio-8080-exec-8] Cart add success: com.example.demo.model.persistence.Cart@24f8e0d6
2021-12-19 04:55:35,938 INFO org.springframework.scheduling.concurrent.ThreadPoolTaskExecutor [Thread-3] Shutting down ExecutorService 'applicationTaskExecutor'
2021-12-19 04:55:35,942 INFO org.springframework.orm.jpa.LocalContainerEntityManagerFactoryBean [Thread-3] Closing JPA EntityManagerFactory for persistence unit 'default'
2021-12-19 04:55:35,949 INFO com.zaxxer.hikari.HikariDataSource [Thread-3] HikariPool-1 - Shutdown initiated...
2021-12-19 04:55:35,956 INFO com.zaxxer.hikari.HikariDataSource [Thread-3] HikariPool-1 - Shutdown completed.
2021-12-19 05:02:34,453 INFO com.example.demo.SareetaApplication [main] Starting SareetaApplication on limes-macbook-pro.home with PID 34663 (/Users/lime/IdeaProjects/Udacity/Security-and-DevOps-master/starter_code/target/classes started by lime in /Users/lime/IdeaProjects/Udacity/Security-and-DevOps-master/starter_code)
2021-12-19 05:02:34,455 DEBUG com.example.demo.SareetaApplication [main] Running with Spring Boot v2.1.5.RELEASE, Spring v5.1.7.RELEASE
2021-12-19 05:02:34,456 INFO com.example.demo.SareetaApplication [main] No active profile set, falling back to default profiles: default
2021-12-19 05:02:35,301 INFO org.springframework.data.repository.config.RepositoryConfigurationDelegate [main] Bootstrapping Spring Data repositories in DEFAULT mode.
2021-12-19 05:02:35,382 INFO org.springframework.data.repository.config.RepositoryConfigurationDelegate [main] Finished Spring Data repository scanning in 76ms. Found 4 repository interfaces.
2021-12-19 05:02:35,974 INFO org.springframework.context.support.PostProcessorRegistrationDelegate$BeanPostProcessorChecker [main] Bean 'org.springframework.transaction.annotation.ProxyTransactionManagementConfiguration' of type [org.springframework.transaction.annotation.ProxyTransactionManagementConfiguration$$EnhancerBySpringCGLIB$$40a28036] is not eligible for getting processed by all BeanPostProcessors (for example: not eligible for auto-proxying)
2021-12-19 05:02:36,267 INFO org.springframework.boot.web.embedded.tomcat.TomcatWebServer [main] Tomcat initialized with port(s): 8080 (http)
2021-12-19 05:02:36,294 INFO org.apache.catalina.core.StandardService [main] Starting service [Tomcat]
2021-12-19 05:02:36,295 INFO org.apache.catalina.core.StandardEngine [main] Starting Servlet engine: [Apache Tomcat/9.0.19]
2021-12-19 05:02:36,372 INFO org.apache.catalina.core.ContainerBase.[Tomcat].[localhost].[/] [main] Initializing Spring embedded WebApplicationContext
2021-12-19 05:02:36,373 INFO org.springframework.web.context.ContextLoader [main] Root WebApplicationContext: initialization completed in 1835 ms
2021-12-19 05:02:36,563 INFO com.zaxxer.hikari.HikariDataSource [main] HikariPool-1 - Starting...
2021-12-19 05:02:36,627 INFO com.zaxxer.hikari.HikariDataSource [main] HikariPool-1 - Start completed.
2021-12-19 05:02:36,666 INFO org.hibernate.jpa.internal.util.LogHelper [main] HHH000204: Processing PersistenceUnitInfo [
	name: default
	...]
2021-12-19 05:02:36,694 INFO org.hibernate.Version [main] HHH000412: Hibernate Core {5.3.10.Final}
2021-12-19 05:02:36,695 INFO org.hibernate.cfg.Environment [main] HHH000206: hibernate.properties not found
2021-12-19 05:02:36,763 INFO org.hibernate.annotations.common.Version [main] HCANN000001: Hibernate Commons Annotations {5.0.4.Final}
2021-12-19 05:02:36,826 INFO org.hibernate.dialect.Dialect [main] HHH000400: Using dialect: org.hibernate.dialect.H2Dialect
2021-12-19 05:02:37,427 INFO org.springframework.orm.jpa.LocalContainerEntityManagerFactoryBean [main] Initialized JPA EntityManagerFactory for persistence unit 'default'
2021-12-19 05:02:37,735 DEBUG com.example.demo.security.JWTAuthenticationVerficationFilter [main] Filter 'JWTAuthenticationVerficationFilter' configured for use
2021-12-19 05:02:37,954 WARN org.springframework.boot.autoconfigure.orm.jpa.JpaBaseConfiguration$JpaWebConfiguration$JpaWebMvcConfiguration [main] spring.jpa.open-in-view is enabled by default. Therefore, database queries may be performed during view rendering. Explicitly configure spring.jpa.open-in-view to disable this warning
2021-12-19 05:02:38,014 INFO org.springframework.security.web.DefaultSecurityFilterChain [main] Creating filter chain: any request, [org.springframework.security.web.context.request.async.WebAsyncManagerIntegrationFilter@96075c0, org.springframework.security.web.context.SecurityContextPersistenceFilter@6f976c, org.springframework.security.web.header.HeaderWriterFilter@3dee3a6c, org.springframework.web.filter.CorsFilter@2337bf27, org.springframework.security.web.authentication.logout.LogoutFilter@6abd8bcd, com.example.demo.security.JWTAuthenticationFilter@4679554d, com.example.demo.security.JWTAuthenticationVerficationFilter@43719e98, org.springframework.security.web.savedrequest.RequestCacheAwareFilter@3cc6f036, org.springframework.security.web.servletapi.SecurityContextHolderAwareRequestFilter@1203d787, org.springframework.security.web.authentication.AnonymousAuthenticationFilter@49353d43, org.springframework.security.web.session.SessionManagementFilter@6109d880, org.springframework.security.web.access.ExceptionTranslationFilter@28d56028, org.springframework.security.web.access.intercept.FilterSecurityInterceptor@4b916cc2]
2021-12-19 05:02:38,119 INFO org.springframework.scheduling.concurrent.ThreadPoolTaskExecutor [main] Initializing ExecutorService 'applicationTaskExecutor'
2021-12-19 05:02:38,298 INFO org.springframework.boot.web.embedded.tomcat.TomcatWebServer [main] Tomcat started on port(s): 8080 (http) with context path ''
2021-12-19 05:02:38,302 INFO com.example.demo.SareetaApplication [main] Started SareetaApplication in 4.178 seconds (JVM running for 4.943)
2021-12-19 05:02:43,195 INFO org.apache.catalina.core.ContainerBase.[Tomcat].[localhost].[/] [http-nio-8080-exec-1] Initializing Spring DispatcherServlet 'dispatcherServlet'
2021-12-19 05:02:43,196 INFO org.springframework.web.servlet.DispatcherServlet [http-nio-8080-exec-1] Initializing Servlet 'dispatcherServlet'
2021-12-19 05:02:43,203 INFO org.springframework.web.servlet.DispatcherServlet [http-nio-8080-exec-1] Completed initialization in 7 ms
2021-12-19 05:02:43,266 INFO com.example.demo.controllers.UserController [http-nio-8080-exec-1] Creating user newUser111
2021-12-19 05:02:43,420 INFO com.example.demo.controllers.UserController [http-nio-8080-exec-1] New user newUser111 is created!
2021-12-19 05:03:01,221 INFO com.example.demo.controllers.UserController [http-nio-8080-exec-3] Creating user lily
2021-12-19 05:03:01,326 INFO com.example.demo.controllers.UserController [http-nio-8080-exec-3] New user lily is created!
2021-12-19 05:03:10,361 DEBUG com.example.demo.security.JWTAuthenticationFilter [http-nio-8080-exec-4] Request is to process authentication
2021-12-19 05:03:10,483 INFO org.hibernate.hql.internal.QueryTranslatorFactoryInitiator [http-nio-8080-exec-4] HHH000397: Using ASTQueryTranslatorFactory
2021-12-19 05:03:58,008 INFO com.example.demo.controllers.CartController [http-nio-8080-exec-6] Cart add success: cartId 2
2021-12-19 05:04:10,481 INFO com.example.demo.controllers.OrderController [http-nio-8080-exec-7] Submit order success with total 5.97
2021-12-19 05:04:23,561 INFO com.example.demo.controllers.OrderController [http-nio-8080-exec-8] Query to ger order by username lily
2021-12-19 05:04:34,147 INFO com.example.demo.controllers.ItemController [http-nio-8080-exec-9] Query to find item by id: 1
2021-12-19 05:04:38,037 INFO com.example.demo.controllers.ItemController [http-nio-8080-exec-10] Query to find item by id: 2
2021-12-19 05:04:48,787 DEBUG com.example.demo.controllers.CartController [http-nio-8080-exec-2] Add to cart failed, itemID 8 not found
2021-12-19 05:05:59,334 INFO com.example.demo.controllers.UserController [http-nio-8080-exec-4] Creating user newUser999
2021-12-19 05:05:59,340 ERROR com.example.demo.controllers.UserController [http-nio-8080-exec-4] Error with password, cannot create user newUser999
2021-12-19 05:06:44,492 INFO com.example.demo.controllers.UserController [http-nio-8080-exec-6] Creating user newUser999
2021-12-19 05:06:44,597 INFO com.example.demo.controllers.UserController [http-nio-8080-exec-6] New user newUser999 is created!
2021-12-19 05:07:21,919 DEBUG com.example.demo.security.JWTAuthenticationFilter [http-nio-8080-exec-7] Request is to process authentication
2021-12-19 05:07:55,976 INFO com.example.demo.controllers.CartController [http-nio-8080-exec-8] Cart add success: cartId 4
2021-12-19 05:08:18,595 INFO com.example.demo.controllers.OrderController [http-nio-8080-exec-9] Submit order success with total 8.97
2021-12-19 05:09:02,244 INFO com.example.demo.controllers.OrderController [http-nio-8080-exec-10] Query to ger order by username newUser999
2021-12-19 05:09:31,818 INFO com.example.demo.controllers.CartController [http-nio-8080-exec-2] Cart add success: cartId 4
2021-12-19 05:09:39,037 INFO com.example.demo.controllers.OrderController [http-nio-8080-exec-1] Submit order success with total 28.87
2021-12-19 05:09:58,427 INFO com.example.demo.controllers.OrderController [http-nio-8080-exec-3] Query to ger order by username newUser999
2021-12-19 05:10:18,639 INFO com.example.demo.controllers.CartController [http-nio-8080-exec-4] Cart add success: cartId 4
2021-12-19 05:10:23,954 INFO com.example.demo.controllers.OrderController [http-nio-8080-exec-5] Submit order success with total 43.82
2021-12-19 05:10:29,470 INFO com.example.demo.controllers.OrderController [http-nio-8080-exec-6] Query to ger order by username newUser999
2021-12-19 05:11:23,324 DEBUG com.example.demo.security.JWTAuthenticationFilter [http-nio-8080-exec-7] Request is to process authentication
2021-12-19 05:11:35,623 DEBUG com.example.demo.security.JWTAuthenticationFilter [http-nio-8080-exec-9] Request is to process authentication
2021-12-19 05:11:59,732 INFO com.example.demo.controllers.CartController [http-nio-8080-exec-10] Cart add success: cartId 4
2021-12-19 05:12:00,154 INFO com.example.demo.controllers.CartController [http-nio-8080-exec-2] Cart add success: cartId 4
2021-12-19 05:12:07,094 INFO com.example.demo.controllers.CartController [http-nio-8080-exec-1] Cart add success: cartId 2
2021-12-19 05:12:41,749 INFO com.example.demo.controllers.OrderController [http-nio-8080-exec-3] Submit order success with total 26.90
2021-12-19 05:13:11,180 INFO com.example.demo.controllers.CartController [http-nio-8080-exec-4] Cart add success: cartId 2
2021-12-19 05:13:20,282 INFO com.example.demo.controllers.OrderController [http-nio-8080-exec-5] Submit order success with total 225.90
2021-12-19 05:15:52,340 DEBUG com.example.demo.controllers.CartController [http-nio-8080-exec-9] Add to cart failed, itemID 3 not found
2021-12-19 05:16:26,079 DEBUG com.example.demo.controllers.CartController [http-nio-8080-exec-2] Add to cart failed, userName lili not found
2021-12-19 05:16:48,373 INFO com.example.demo.controllers.CartController [http-nio-8080-exec-1] Cart add success: cartId 2
2021-12-19 05:16:55,439 INFO com.example.demo.controllers.OrderController [http-nio-8080-exec-3] Submit order success with total 237.86
2021-12-19 05:17:22,750 INFO com.example.demo.controllers.UserController [http-nio-8080-exec-4] Creating user newUser888
2021-12-19 05:17:22,861 INFO com.example.demo.controllers.UserController [http-nio-8080-exec-4] New user newUser888 is created!
2021-12-19 05:17:42,259 DEBUG com.example.demo.security.JWTAuthenticationFilter [http-nio-8080-exec-7] Request is to process authentication
2021-12-19 05:18:17,844 INFO com.example.demo.controllers.CartController [http-nio-8080-exec-5] Cart add success: cartId 5
2021-12-19 05:18:34,589 INFO com.example.demo.controllers.OrderController [http-nio-8080-exec-6] Submit order success with total 23.92
2021-12-19 05:19:12,763 INFO com.example.demo.controllers.OrderController [http-nio-8080-exec-8] Query to ger order by username newUser888
2021-12-19 05:19:35,683 INFO com.example.demo.controllers.ItemController [http-nio-8080-exec-10] Query to find item by id: 2
2021-12-19 05:20:31,675 INFO org.springframework.scheduling.concurrent.ThreadPoolTaskExecutor [Thread-3] Shutting down ExecutorService 'applicationTaskExecutor'
2021-12-19 05:20:31,679 INFO org.springframework.orm.jpa.LocalContainerEntityManagerFactoryBean [Thread-3] Closing JPA EntityManagerFactory for persistence unit 'default'
2021-12-19 05:20:31,684 INFO com.zaxxer.hikari.HikariDataSource [Thread-3] HikariPool-1 - Shutdown initiated...
2021-12-19 05:20:31,689 INFO com.zaxxer.hikari.HikariDataSource [Thread-3] HikariPool-1 - Shutdown completed.
